A D/.csettings////
A D/.settings////
A D/Adaptive_Arithmetic////
A D/Adaptive_Geometry////
A D/Advection_Equations////
A D/Archives////
A D/Arrays////
A D/Articulated_Rigid_Bodies////
A D/Boundaries////
A D/Collisions_And_Interactions////
A D/Conservation_Law_Solvers////
A D/Conservation_Laws////
A D/Constitutive_Models////
A D/Coupled_Evolution////
A D/Data_Structures////
A D/Deformable_Object_Evolution////
A D/Deformable_Objects////
A D/Documentation////
A D/Drivers_And_Examples////
A D/Equations_Of_State////
A D/Euler_Equations////
A D/Forces_And_Torques////
A D/Fourier_Transforms////
A D/Fracture////
A D/Geometry////
A D/Grid_Based_Fields////
A D/Grids////
A D/Heat_Flows////
A D/Incompressible_Flows////
A D/Interpolation////
A D/Lagrange_Equations////
A D/Level_Sets////
A D/Math_Tools////
A D/Matrices_And_Vectors////
A D/Meshing////
A D/Motion////
A D/Nonlinear_Equations////
A D/OpenGL////
A D/OpenGL_Components////
A D/Optimization////
A D/Ordinary_Differential_Equations////
A D/Parallel_Computation////
A D/Particles////
A D/PhysBAM_Compressible////
A D/PhysBAM_Deformable////
A D/PhysBAM_Deformables////
A D/PhysBAM_Dynamics////
A D/PhysBAM_Fluids////
A D/PhysBAM_Geometry////
A D/PhysBAM_Incompressible////
A D/PhysBAM_Meshing////
A D/PhysBAM_OpenGL////
A D/PhysBAM_Rendering////
A D/PhysBAM_Rigids////
A D/PhysBAM_Solids////
A D/PhysBAM_Tools////
A D/Point_Clouds////
A D/Poisson_Equations////
A D/Random_Numbers////
A D/Rasterization////
A D/Read_Write////
A D/Rendering////
A D/Rendering_Lights////
A D/Rendering_Objects////
A D/Rendering_Shaders////
A D/Rigid_Bodies////
A D/Solids_And_Fluids////
A D/Solids_Evolution////
A D/Standard_Tests////
A D/Turbulence////
A D/Utilities////
