A D/3Dmeshing////
A D/3Dmeshing_opengl////
A D/Levelset_Processing////
A D/adaptive_fluids_2d////
A D/arbs_with_muscles////
A D/articulated_rigid_bodies////
A D/articulated_rigid_bodies_2d////
A D/body_levelset_modeling////
A D/collision_aware_subdivision////
A D/cutting////
A D/cutting_2d////
A D/cutting_3d////
A D/cutting_better_2d////
A D/deep_water_1d////
A D/deep_water_1d_opengl////
A D/deep_water_2d////
A D/deep_water_2d_opengl////
A D/deep_water_3d////
A D/deformable_rigid_coupling////
A D/detonation_shock_dynamics////
A D/euler_1d////
A D/euler_2d////
A D/euler_2d_opengl////
A D/euler_3d////
A D/face////
A D/face_modeling////
A D/fire_1d////
A D/fire_2d////
A D/fire_3d////
A D/fluids_2d////
A D/fluids_3d////
A D/fluids_octree////
A D/fluids_quadtree////
A D/heat_1d////
A D/heat_2d////
A D/heat_3d////
A D/incompressible_2phase_2d////
A D/incompressible_multiphase_2d////
A D/incompressible_multiphase_3d////
A D/laplace_uniform////
A D/levelset_2d////
A D/levelset_3d////
A D/levelset_multiple_2d////
A D/levelset_octree////
A D/levelset_quadtree////
A D/levelset_rle_2d////
A D/melting_2d////
A D/melting_3d////
A D/merge_meshing////
A D/meshing_3d////
A D/meshing_opengl_3d////
A D/opengl_1d////
A D/opengl_2d////
A D/opengl_3d////
A D/quasistatics////
A D/quasistatics_3d////
A D/ray_tracing////
A D/renderman////
A D/rigid_bodies////
A D/rigid_bodies_2d////
A D/rigid_fracture_test////
A D/shell_fracture////
A D/smoke_2d////
A D/smoke_3d////
A D/smoke_and_fire_2d////
A D/smoke_and_fire_3d////
A D/smoke_and_fire_octree////
A D/smoke_and_fire_quadtree////
A D/smoke_octree////
A D/smoke_quadtree////
A D/solid_fluid_coupling_2d////
A D/solid_fluid_coupling_3d////
A D/solids////
A D/solids_2d////
A D/solids_3d////
A D/sph_2d////
A D/test_elliptic_solver_quadtree////
A D/test_poisson////
A D/tet_sim_fracture////
A D/water_free_surface_2d////
A D/water_free_surface_3d////
A D/water_free_surface_octree////
A D/water_free_surface_quadtree////
A D/water_rle_2d////
A D/water_rle_3d////
A D/water_sculpter_2d////
A D/water_slice////
