A D/Adaptive_Arithmetic////
A D/Advection////
A D/Array_Computations////
A D/Arrays////
A D/Arrays_Computations////
A D/Boundaries////
A D/Clone////
A D/Data_Structures////
A D/Fourier_Transforms////
A D/Fourier_Transforms_Calculations////
A D/Grid_Arrays////
A D/Grids_ALE_Advection////
A D/Grids_Chimera////
A D/Grids_Chimera_Boundaries////
A D/Grids_Dyadic////
A D/Grids_Dyadic_Advection////
A D/Grids_Dyadic_Arrays////
A D/Grids_Dyadic_Boundaries////
A D/Grids_Dyadic_Compuations////
A D/Grids_Dyadic_Computations////
A D/Grids_Dyadic_Interpolation////
A D/Grids_Dyadic_PDE_Linear////
A D/Grids_PDE_Linear////
A D/Grids_RLE////
A D/Grids_RLE_Advection////
A D/Grids_RLE_Arrays////
A D/Grids_RLE_Boundaries////
A D/Grids_RLE_Computations////
A D/Grids_RLE_Interpolation////
A D/Grids_RLE_PDE_Linear////
A D/Grids_Rigid_Arrays////
A D/Grids_Uniform////
A D/Grids_Uniform_Advection////
A D/Grids_Uniform_Arrays////
A D/Grids_Uniform_Boundaries////
A D/Grids_Uniform_Computations////
A D/Grids_Uniform_Interpolation////
A D/Grids_Uniform_PDE_Linear////
A D/Images////
A D/Interpolation////
A D/Kernel_Classes////
A D/Kernel_Datatypes////
A D/Kernels////
A D/Krylov_Solvers////
A D/Log////
A D/Math_Tools////
A D/Matrices////
A D/Matrices_And_Vectors////
A D/Model_Reduction////
A D/Nonlinear_Equations////
A D/Optimization////
A D/Ordinary_Differential_Equations////
A D/PCA////
A D/Parallel_Computation////
A D/Parsing////
A D/Particles////
A D/Particles_Advection////
A D/Particles_Compuations////
A D/Particles_Computations////
A D/Particles_Interpolation////
A D/Particles_Uniform_Advection////
A D/Point_Cloud_Computations////
A D/Point_Clouds////
A D/Point_Clouds_Computations////
A D/Polynomials////
A D/Random_Numbers////
A D/Read_Write////
A D/Type_Utilities////
A D/Utilities////
A D/Vectors////
