A D/Adaptive_Geometry////
A D/Advection_Collidable////
A D/Basic_Geometry////
A D/Basic_Geometry_Computations////
A D/Basic_Geometry_Intersections////
A D/Collision_Detection////
A D/Collision_Detection_Computations////
A D/Collisions////
A D/Collisions_And_Grids////
A D/Collisions_And_Grids_Dyadic////
A D/Collisions_And_Grids_RLE////
A D/Collisions_And_Grids_Uniform////
A D/Constitutive_Models////
A D/Continuous_Collision_Detection////
A D/Dual_Contour////
A D/Fourier_Transforms_Calculations////
A D/Fracture////
A D/Geometry////
A D/Geometry_Particles////
A D/Grid_Interpolation////
A D/Grids////
A D/Grids_ALE_Advection////
A D/Grids_Chimera////
A D/Grids_Chimera_Advection////
A D/Grids_Chimera_Boundaries////
A D/Grids_Dyadic_Advection_Collidable////
A D/Grids_Dyadic_Collisions////
A D/Grids_Dyadic_Computations////
A D/Grids_Dyadic_Computations_Collidable////
A D/Grids_Dyadic_Interpolation_Collidable////
A D/Grids_Dyadic_Level_Sets////
A D/Grids_Dyadic_PDE_Linear////
A D/Grids_PDE_Linear////
A D/Grids_RLE_Advection_Collidable////
A D/Grids_RLE_Collisions////
A D/Grids_RLE_Computations////
A D/Grids_RLE_Computations_Collidable////
A D/Grids_RLE_Interpolation_Collidable////
A D/Grids_RLE_Level_Sets////
A D/Grids_RLE_PDE_Linear////
A D/Grids_Rigid_Collisions////
A D/Grids_Rigid_Computations////
A D/Grids_Rigid_Interpolation_Collidable////
A D/Grids_Rigid_Level_Sets////
A D/Grids_Uniform_Advection_Collidable////
A D/Grids_Uniform_Collisions////
A D/Grids_Uniform_Computations////
A D/Grids_Uniform_Computations_Collidable////
A D/Grids_Uniform_Interpolation_Collidable////
A D/Grids_Uniform_Level_Sets////
A D/Grids_Uniform_PDE_Linear////
A D/Implicit_Objects////
A D/Implicit_Objects_Dyadic////
A D/Implicit_Objects_RLE////
A D/Implicit_Objects_Uniform////
A D/Interpolation////
A D/Interpolation_Collidable////
A D/Intersections////
A D/Level_Set_Nonlinear_Functions////
A D/Level_Sets////
A D/Levelset_Nonlinear_Functions////
A D/Parallel_Computation////
A D/Particles////
A D/Particles_Advection_Collidable////
A D/Particles_Computations_Collidable////
A D/Particles_Interpolation_Collidable////
A D/Point_Clouds////
A D/Rasterization////
A D/Read_Write////
A D/Red_Green////
A D/Registry////
A D/Signed_Distance////
A D/Solids////
A D/Solids_Geometry////
A D/Solids_Geometry_Evolution////
A D/Spatial_Acceleration////
A D/Standard_Tests////
A D/Tessellation////
A D/Topology////
A D/Topology_Based_Geometry////
A D/Topology_Based_Geometry_Computations////
A D/Topology_Based_Geometry_Intersections////
