A D/algorithm////
A D/archive////
A D/assign////
A D/bind////
A D/compatibility////
A D/config////
A D/date_time////
A D/detail////
A D/dynamic_bitset////
A D/filesystem////
A D/format////
A D/function////
A D/functional////
A D/graph////
A D/integer////
A D/io////
A D/iostreams////
A D/iterator////
A D/lambda////
A D/logic////
A D/math////
A D/mpl////
A D/multi_array////
A D/multi_index////
A D/numeric////
A D/optional////
A D/parameter////
A D/pending////
A D/pool////
A D/preprocessor////
A D/program_options////
A D/ptr_container////
A D/python////
A D/random////
A D/range////
A D/regex////
A D/serialization////
A D/signals////
A D/spirit////
A D/test////
A D/thread////
A D/tuple////
A D/type_traits////
A D/utility////
A D/variant////
A D/wave////
