A D/Advection_Equations////
A D/Articulated_Rigid_Bodies////
A D/Boundaries////
A D/Collisions_And_Interactions////
A D/Conservation_Law_Solvers////
A D/Conservation_Laws////
A D/Constitutive_Models////
A D/Coupled_Driver////
A D/Coupled_Evolution////
A D/Deformable_Objects////
A D/Documentation////
A D/Equations_Of_State////
A D/Euler_Equations////
A D/Forces_And_Torques////
A D/Fourier_Transforms_Calculations////
A D/Fracture////
A D/Geometry////
A D/Grid_Based_Fields////
A D/Grids////
A D/Grids_Chimera////
A D/Grids_Chimera_Advection////
A D/Grids_Chimera_Interpolation////
A D/Grids_Chimera_PDE_Linear////
A D/Heat_Flows////
A D/Incompressible_Flows////
A D/Interpolation////
A D/Lagrange_Equations////
A D/Level_Sets////
A D/Meshing////
A D/Motion////
A D/OpenGL////
A D/OpenGL_Components////
A D/Parallel_Computation////
A D/Particles////
A D/Point_Clouds////
A D/Poisson_Equations////
A D/Read_Write////
A D/Rendering////
A D/Rendering_Lights////
A D/Rendering_Objects////
A D/Rendering_Shaders////
A D/Rigid_Bodies////
A D/Solids_And_Fluids////
A D/Solids_Evolution////
A D/Standard_Tests////
A D/Turbulence////
