A D/Eran_Tools////
A D/articulation_editor////
A D/c3d2motion////
A D/control2phoneme////
A D/fluids_mpi_merge////
A D/heightfield2phi////
A D/image_convert////
A D/image_convert_blend////
A D/levelset_process////
A D/mesh_partitioning////
A D/nonmanifold_embedding////
A D/obj2tri////
A D/particle_octree////
A D/pbp////
A D/phi2rle////
A D/phi2tri////
A D/physbam2matlab////
A D/rle_removed_particles////
A D/tet2tri////
A D/tri2phi////
A D/units////
A D/vh_segment////
A D/vh_viewer////
A D/view_geometry////
A D/view_tri////
A D/water_rle_mpi_merge////
